<?xml version="1.0" encoding="UTF-8"?>
<coverage generated="1612821424357" clover="3.2.0">
  <project timestamp="1612821424357" name="All files">
    <metrics statements="42" coveredstatements="40" conditionals="10" coveredconditionals="5" methods="10" coveredmethods="9" elements="62" coveredelements="54" complexity="0" loc="42" ncloc="42" packages="1" files="3" classes="3"/>
    <file name="Photo.ts" path="/Users/rossypro/sources/ets/log210/typescript-tdd-kata/src/Photo.ts">
      <metrics statements="38" coveredstatements="36" conditionals="10" coveredconditionals="5" methods="8" coveredmethods="7"/>
      <line num="1" count="1" type="stmt"/>
      <line num="3" count="1" type="stmt"/>
      <line num="4" count="1" type="stmt"/>
      <line num="6" count="1" type="stmt"/>
      <line num="14" count="1" type="stmt"/>
      <line num="17" count="1" type="stmt"/>
      <line num="18" count="4" type="stmt"/>
      <line num="19" count="4" type="stmt"/>
      <line num="20" count="4" type="stmt"/>
      <line num="22" count="4" type="stmt"/>
      <line num="23" count="4" type="cond" truecount="1" falsecount="1"/>
      <line num="24" count="4" type="stmt"/>
      <line num="26" count="4" type="stmt"/>
      <line num="29" count="4" type="stmt"/>
      <line num="30" count="4" type="stmt"/>
      <line num="31" count="4" type="stmt"/>
      <line num="32" count="4" type="stmt"/>
      <line num="33" count="4" type="stmt"/>
      <line num="34" count="4" type="stmt"/>
      <line num="35" count="4" type="stmt"/>
      <line num="38" count="4" type="stmt"/>
      <line num="40" count="4" type="cond" truecount="3" falsecount="1"/>
      <line num="42" count="1" type="stmt"/>
      <line num="43" count="4" type="stmt"/>
      <line num="45" count="1" type="stmt"/>
      <line num="46" count="2" type="stmt"/>
      <line num="49" count="1" type="stmt"/>
      <line num="50" count="3" type="stmt"/>
      <line num="55" count="1" type="stmt"/>
      <line num="56" count="1" type="stmt"/>
      <line num="57" count="1" type="cond" truecount="1" falsecount="1"/>
      <line num="58" count="0" type="stmt"/>
      <line num="60" count="1" type="stmt"/>
      <line num="61" count="1" type="stmt"/>
      <line num="62" count="1" type="stmt"/>
      <line num="63" count="1" type="stmt"/>
      <line num="67" count="1" type="stmt"/>
      <line num="69" count="0" type="cond" truecount="0" falsecount="2"/>
    </file>
    <file name="hello.ts" path="/Users/rossypro/sources/ets/log210/typescript-tdd-kata/src/hello.ts">
      <metrics statements="2" coveredstatements="2" conditionals="0" coveredconditionals="0" methods="1" coveredmethods="1"/>
      <line num="1" count="1" type="stmt"/>
      <line num="2" count="1" type="stmt"/>
    </file>
    <file name="helloworld.ts" path="/Users/rossypro/sources/ets/log210/typescript-tdd-kata/src/helloworld.ts">
      <metrics statements="2" coveredstatements="2" conditionals="0" coveredconditionals="0" methods="1" coveredmethods="1"/>
      <line num="1" count="1" type="stmt"/>
      <line num="2" count="1" type="stmt"/>
    </file>
  </project>
</coverage>
