{"/Users/rossypro/sources/ets/log210/typescript-tdd-kata/src/Photo.ts": {"path":"/Users/rossypro/sources/ets/log210/typescript-tdd-kata/src/Photo.ts","statementMap":{"0":{"start":{"line":13,"column":11},"end":{"line":13,"column":26}},"1":{"start":{"line":14,"column":0},"end":{"line":14,"column":49}},"2":{"start":{"line":15,"column":9},"end":{"line":15,"column":22}},"3":{"start":{"line":17,"column":0},"end":{"line":17,"column":13}},"4":{"start":{"line":28,"column":4},"end":{"line":28,"column":21}},"5":{"start":{"line":29,"column":4},"end":{"line":29,"column":19}},"6":{"start":{"line":32,"column":10},"end":{"line":50,"column":null}},"7":{"start":{"line":33,"column":4},"end":{"line":33,"column":null}},"8":{"start":{"line":34,"column":16},"end":{"line":34,"column":41}},"9":{"start":{"line":35,"column":19},"end":{"line":35,"column":56}},"10":{"start":{"line":37,"column":15},"end":{"line":37,"column":26}},"11":{"start":{"line":40,"column":4},"end":{"line":49,"column":null}},"12":{"start":{"line":41,"column":33},"end":{"line":41,"column":55}},"13":{"start":{"line":42,"column":17},"end":{"line":42,"column":45}},"14":{"start":{"line":43,"column":7},"end":{"line":43,"column":69}},"15":{"start":{"line":44,"column":7},"end":{"line":44,"column":65}},"16":{"start":{"line":45,"column":7},"end":{"line":45,"column":67}},"17":{"start":{"line":46,"column":7},"end":{"line":46,"column":97}},"18":{"start":{"line":47,"column":7},"end":{"line":47,"column":71}},"19":{"start":{"line":48,"column":6},"end":{"line":48,"column":70}},"20":{"start":{"line":52,"column":2},"end":{"line":56,"column":null}},"21":{"start":{"line":53,"column":43},"end":{"line":53,"column":52}},"22":{"start":{"line":54,"column":4},"end":{"line":54,"column":106}},"23":{"start":{"line":55,"column":4},"end":{"line":55,"column":39}},"24":{"start":{"line":57,"column":2},"end":{"line":59,"column":null}},"25":{"start":{"line":58,"column":4},"end":{"line":58,"column":35}},"26":{"start":{"line":60,"column":2},"end":{"line":62,"column":null}},"27":{"start":{"line":61,"column":4},"end":{"line":61,"column":52}},"28":{"start":{"line":64,"column":2},"end":{"line":66,"column":null}},"29":{"start":{"line":65,"column":4},"end":{"line":65,"column":57}},"30":{"start":{"line":70,"column":2},"end":{"line":79,"column":null}},"31":{"start":{"line":71,"column":4},"end":{"line":71,"column":29}},"32":{"start":{"line":73,"column":19},"end":{"line":73,"column":66}},"33":{"start":{"line":74,"column":4},"end":{"line":75,"column":50}},"34":{"start":{"line":75,"column":6},"end":{"line":75,"column":50}},"35":{"start":{"line":77,"column":4},"end":{"line":77,"column":74}},"36":{"start":{"line":78,"column":4},"end":{"line":78,"column":20}},"37":{"start":{"line":82,"column":0},"end":{"line":82,"column":null}},"38":{"start":{"line":17,"column":13},"end":{"line":17,"column":18}},"39":{"start":{"line":84,"column":2},"end":{"line":84,"column":21}},"40":{"start":{"line":84,"column":11},"end":{"line":84,"column":21}}},"fnMap":{"0":{"name":"(anonymous_0)","decl":{"start":{"line":17,"column":0},"end":{"line":17,"column":13}},"loc":{"start":{"line":17,"column":0},"end":{"line":82,"column":null}}},"1":{"name":"Photo","decl":{"start":{"line":27,"column":2},"end":{"line":27,"column":14}},"loc":{"start":{"line":27,"column":25},"end":{"line":30,"column":3}}},"2":{"name":"(anonymous_2)","decl":{"start":{"line":32,"column":2},"end":{"line":32,"column":10}},"loc":{"start":{"line":32,"column":2},"end":{"line":50,"column":3}}},"3":{"name":"(anonymous_3)","decl":{"start":{"line":52,"column":2},"end":{"line":52,"column":17}},"loc":{"start":{"line":52,"column":2},"end":{"line":56,"column":3}}},"4":{"name":"(anonymous_4)","decl":{"start":{"line":57,"column":2},"end":{"line":57,"column":13}},"loc":{"start":{"line":57,"column":2},"end":{"line":59,"column":3}}},"5":{"name":"(anonymous_5)","decl":{"start":{"line":60,"column":2},"end":{"line":60,"column":18}},"loc":{"start":{"line":60,"column":2},"end":{"line":62,"column":3}}},"6":{"name":"(anonymous_6)","decl":{"start":{"line":64,"column":2},"end":{"line":64,"column":12}},"loc":{"start":{"line":64,"column":2},"end":{"line":66,"column":3}}},"7":{"name":"(anonymous_7)","decl":{"start":{"line":70,"column":2},"end":{"line":70,"column":9}},"loc":{"start":{"line":70,"column":62},"end":{"line":79,"column":3}}},"8":{"name":"callback","decl":{"start":{"line":83,"column":9},"end":{"line":83,"column":17}},"loc":{"start":{"line":83,"column":25},"end":{"line":86,"column":1}}}},"branchMap":{"0":{"loc":{"start":{"line":40,"column":4},"end":{"line":49,"column":null}},"type":"if","locations":[{"start":{"line":40,"column":4},"end":{"line":49,"column":null}},{"start":{"line":40,"column":4},"end":{"line":49,"column":null}}]},"1":{"loc":{"start":{"line":55,"column":26},"end":{"line":55,"column":28}},"type":"cond-expr","locations":[{"start":{"line":55,"column":26},"end":{"line":55,"column":28}},{"start":{"line":55,"column":11},"end":{"line":55,"column":39}}]},"2":{"loc":{"start":{"line":55,"column":11},"end":{"line":55,"column":28}},"type":"binary-expr","locations":[{"start":{"line":55,"column":11},"end":{"line":55,"column":28}},{"start":{"line":55,"column":11},"end":{"line":55,"column":28}}]},"3":{"loc":{"start":{"line":74,"column":4},"end":{"line":75,"column":50}},"type":"if","locations":[{"start":{"line":74,"column":4},"end":{"line":75,"column":50}},{"start":{"line":74,"column":4},"end":{"line":75,"column":50}}]},"4":{"loc":{"start":{"line":84,"column":2},"end":{"line":84,"column":21}},"type":"if","locations":[{"start":{"line":84,"column":2},"end":{"line":84,"column":21}},{"start":{"line":84,"column":2},"end":{"line":84,"column":21}}]}},"s":{"0":1,"1":1,"2":1,"3":1,"4":2,"5":2,"6":1,"7":1,"8":1,"9":0,"10":0,"11":0,"12":0,"13":0,"14":0,"15":0,"16":0,"17":0,"18":0,"19":0,"20":1,"21":1,"22":1,"23":1,"24":1,"25":0,"26":1,"27":0,"28":1,"29":0,"30":1,"31":1,"32":0,"33":0,"34":0,"35":0,"36":0,"37":1,"38":1,"39":0,"40":0},"f":{"0":1,"1":2,"2":1,"3":1,"4":0,"5":0,"6":0,"7":1,"8":0},"b":{"0":[0,0],"1":[0,1],"2":[1,1],"3":[0,0],"4":[0,0]}}
,"/Users/rossypro/sources/ets/log210/typescript-tdd-kata/src/hello.ts": {"path":"/Users/rossypro/sources/ets/log210/typescript-tdd-kata/src/hello.ts","statementMap":{"0":{"start":{"line":2,"column":4},"end":{"line":2,"column":33}},"1":{"start":{"line":1,"column":0},"end":{"line":1,"column":24}}},"fnMap":{"0":{"name":"hello","decl":{"start":{"line":1,"column":24},"end":{"line":1,"column":29}},"loc":{"start":{"line":1,"column":43},"end":{"line":3,"column":1}}}},"branchMap":{},"s":{"0":1,"1":1},"f":{"0":1},"b":{}}
,"/Users/rossypro/sources/ets/log210/typescript-tdd-kata/src/helloworld.ts": {"path":"/Users/rossypro/sources/ets/log210/typescript-tdd-kata/src/helloworld.ts","statementMap":{"0":{"start":{"line":2,"column":4},"end":{"line":2,"column":null}},"1":{"start":{"line":1,"column":0},"end":{"line":1,"column":24}}},"fnMap":{"0":{"name":"helloWorld","decl":{"start":{"line":1,"column":24},"end":{"line":1,"column":34}},"loc":{"start":{"line":1,"column":34},"end":{"line":3,"column":1}}}},"branchMap":{},"s":{"0":1,"1":1},"f":{"0":1},"b":{}}
}
