TN:
SF:src/Photo.ts
FN:17,(anonymous_0)
FN:27,Photo
FN:32,(anonymous_2)
FN:52,(anonymous_3)
FN:57,(anonymous_4)
FN:60,(anonymous_5)
FN:64,(anonymous_6)
FN:70,(anonymous_7)
FN:83,callback
FNF:9
FNH:5
FNDA:1,(anonymous_0)
FNDA:2,Photo
FNDA:1,(anonymous_2)
FNDA:1,(anonymous_3)
FNDA:0,(anonymous_4)
FNDA:0,(anonymous_5)
FNDA:0,(anonymous_6)
FNDA:1,(anonymous_7)
FNDA:0,callback
DA:13,1
DA:14,1
DA:15,1
DA:17,1
DA:28,2
DA:29,2
DA:32,1
DA:33,1
DA:34,1
DA:35,0
DA:37,0
DA:40,0
DA:41,0
DA:42,0
DA:43,0
DA:44,0
DA:45,0
DA:46,0
DA:47,0
DA:48,0
DA:52,1
DA:53,1
DA:54,1
DA:55,1
DA:57,1
DA:58,0
DA:60,1
DA:61,0
DA:64,1
DA:65,0
DA:70,1
DA:71,1
DA:73,0
DA:74,0
DA:75,0
DA:77,0
DA:78,0
DA:82,1
DA:84,0
LF:39
LH:19
BRDA:40,0,0,0
BRDA:40,0,1,0
BRDA:55,1,0,0
BRDA:55,1,1,1
BRDA:55,2,0,1
BRDA:55,2,1,1
BRDA:74,3,0,0
BRDA:74,3,1,0
BRDA:84,4,0,0
BRDA:84,4,1,0
BRF:10
BRH:3
end_of_record
TN:
SF:src/hello.ts
FN:1,hello
FNF:1
FNH:1
FNDA:1,hello
DA:1,1
DA:2,1
LF:2
LH:2
BRF:0
BRH:0
end_of_record
TN:
SF:src/helloworld.ts
FN:1,helloWorld
FNF:1
FNH:1
FNDA:1,helloWorld
DA:1,1
DA:2,1
LF:2
LH:2
BRF:0
BRH:0
end_of_record
