TN:
SF:src/Photo.ts
FN:6,(anonymous_0)
FN:13,Photo
FN:17,(anonymous_2)
FN:42,(anonymous_3)
FN:45,(anonymous_4)
FN:49,(anonymous_5)
FN:55,(anonymous_6)
FN:68,callback
FNF:8
FNH:7
FNDA:1,(anonymous_0)
FNDA:1,Photo
FNDA:4,(anonymous_2)
FNDA:4,(anonymous_3)
FNDA:2,(anonymous_4)
FNDA:3,(anonymous_5)
FNDA:1,(anonymous_6)
FNDA:0,callback
DA:1,1
DA:3,1
DA:4,1
DA:6,1
DA:14,1
DA:17,1
DA:18,4
DA:19,4
DA:20,4
DA:22,4
DA:23,4
DA:24,4
DA:26,4
DA:29,4
DA:30,4
DA:31,4
DA:32,4
DA:33,4
DA:34,4
DA:35,4
DA:38,4
DA:40,4
DA:42,1
DA:43,4
DA:45,1
DA:46,2
DA:49,1
DA:50,3
DA:55,1
DA:56,1
DA:57,1
DA:58,0
DA:60,1
DA:61,1
DA:62,1
DA:63,1
DA:67,1
DA:69,0
LF:38
LH:36
BRDA:23,0,0,4
BRDA:23,0,1,0
BRDA:40,1,0,0
BRDA:40,1,1,4
BRDA:40,2,0,4
BRDA:40,2,1,4
BRDA:57,3,0,0
BRDA:57,3,1,1
BRDA:69,4,0,0
BRDA:69,4,1,0
BRF:10
BRH:5
end_of_record
TN:
SF:src/hello.ts
FN:1,hello
FNF:1
FNH:1
FNDA:1,hello
DA:1,1
DA:2,1
LF:2
LH:2
BRF:0
BRH:0
end_of_record
TN:
SF:src/helloworld.ts
FN:1,helloWorld
FNF:1
FNH:1
FNDA:1,helloWorld
DA:1,1
DA:2,1
LF:2
LH:2
BRF:0
BRH:0
end_of_record
